# JRE version: OpenJDK Runtime Environment Temurin-17.0.7+7 (17.0.7+7) (build 17.0.7+7)
# Java VM: OpenJDK 64-Bit Server VM Temurin-17.0.7+7 (17.0.7+7, mixed mode, emulated-client, tiered, compressed oops, compressed class ptrs, g1 gc, windows-amd64)
GC Precious Log:
 CPUs: 8 total, 8 available
 Memory: 7814M
 Large Page Support: Disabled
 NUMA Support: Disabled
 Compressed Oops: Enabled (32-bit)
 Heap Region Size: 1M
 Heap Min Capacity: 8M
 Heap Initial Capacity: 124M
 Heap Max Capacity: 1G
 Pre-touch: Disabled
 Parallel Workers: 8
 Concurrent Workers: 2
 Concurrent Refinement Workers: 8
 Periodic GC: Disabled
Heap:
 garbage-first heap   total 130048K, used 38181K [0x00000000c0000000, 0x0000000100000000)
  region size 1024K, 1 young (1024K), 0 survivors (0K)
 Metaspace       used 61517K, committed 62208K, reserved 1114112K
  class space    used 8047K, committed 8320K, reserved 1048576K
GC Heap History (20 events):
Event: 7757.005 GC heap before
{Heap before GC invocations=791 (full 734):
 garbage-first heap   total 130048K, used 38181K [0x00000000c0000000, 0x0000000100000000)
  region size 1024K, 1 young (1024K), 0 survivors (0K)
 Metaspace       used 61517K, committed 62208K, reserved 1114112K
  class space    used 8047K, committed 8320K, reserved 1048576K
}
Event: 7757.045 GC heap after
{Heap after GC invocations=792 (full 735):
 garbage-first heap   total 130048K, used 38181K [0x00000000c0000000, 0x0000000100000000)
  region size 1024K, 0 young (0K), 0 survivors (0K)
 Metaspace       used 61517K, committed 62208K, reserved 1114112K
  class space    used 8047K, committed 8320K, reserved 1048576K
}
Event: 7767.483 GC heap before
{Heap before GC invocations=792 (full 735):
 garbage-first heap   total 130048K, used 38181K [0x00000000c0000000, 0x0000000100000000)
  region size 1024K, 1 young (1024K), 0 survivors (0K)
 Metaspace       used 61517K, committed 62208K, reserved 1114112K
  class space    used 8047K, committed 8320K, reserved 1048576K
}
Event: 7767.518 GC heap after
{Heap after GC invocations=793 (full 736):
 garbage-first heap   total 130048K, used 38181K [0x00000000c0000000, 0x0000000100000000)
  region size 1024K, 0 young (0K), 0 survivors (0K)
 Metaspace       used 61517K, committed 62208K, reserved 1114112K
  class space    used 8047K, committed 8320K, reserved 1048576K
}
Event: 7777.981 GC heap before
{Heap before GC invocations=793 (full 736):
 garbage-first heap   total 130048K, used 38181K [0x00000000c0000000, 0x0000000100000000)
  region size 1024K, 1 young (1024K), 0 survivors (0K)
 Metaspace       used 61517K, committed 62208K, reserved 1114112K
  class space    used 8047K, committed 8320K, reserved 1048576K
}
Event: 7778.015 GC heap after
{Heap after GC invocations=794 (full 737):
 garbage-first heap   total 130048K, used 38181K [0x00000000c0000000, 0x0000000100000000)
  region size 1024K, 0 young (0K), 0 survivors (0K)
 Metaspace       used 61517K, committed 62208K, reserved 1114112K
  class space    used 8047K, committed 8320K, reserved 1048576K
}
Event: 7788.448 GC heap before
{Heap before GC invocations=794 (full 737):
 garbage-first heap   total 130048K, used 38181K [0x00000000c0000000, 0x0000000100000000)
  region size 1024K, 1 young (1024K), 0 survivors (0K)
 Metaspace       used 61517K, committed 62208K, reserved 1114112K
  class space    used 8047K, committed 8320K, reserved 1048576K
}
Event: 7788.491 GC heap after
{Heap after GC invocations=795 (full 738):
 garbage-first heap   total 130048K, used 38181K [0x00000000c0000000, 0x0000000100000000)
  region size 1024K, 0 young (0K), 0 survivors (0K)
 Metaspace       used 61517K, committed 62208K, reserved 1114112K
  class space    used 8047K, committed 8320K, reserved 1048576K
}
Event: 7798.878 GC heap before
{Heap before GC invocations=795 (full 738):
 garbage-first heap   total 130048K, used 38181K [0x00000000c0000000, 0x0000000100000000)
  region size 1024K, 1 young (1024K), 0 survivors (0K)
 Metaspace       used 61517K, committed 62208K, reserved 1114112K
  class space    used 8047K, committed 8320K, reserved 1048576K
}
Event: 7798.916 GC heap after
{Heap after GC invocations=796 (full 739):
 garbage-first heap   total 130048K, used 38181K [0x00000000c0000000, 0x0000000100000000)
  region size 1024K, 0 young (0K), 0 survivors (0K)
 Metaspace       used 61517K, committed 62208K, reserved 1114112K
  class space    used 8047K, committed 8320K, reserved 1048576K
}
Event: 7809.333 GC heap before
{Heap before GC invocations=796 (full 739):
 garbage-first heap   total 130048K, used 38181K [0x00000000c0000000, 0x0000000100000000)
  region size 1024K, 1 young (1024K), 0 survivors (0K)
 Metaspace       used 61517K, committed 62208K, reserved 1114112K
  class space    used 8047K, committed 8320K, reserved 1048576K
}
Event: 7809.368 GC heap after
{Heap after GC invocations=797 (full 740):
 garbage-first heap   total 130048K, used 38181K [0x00000000c0000000, 0x0000000100000000)
  region size 1024K, 0 young (0K), 0 survivors (0K)
 Metaspace       used 61517K, committed 62208K, reserved 1114112K
  class space    used 8047K, committed 8320K, reserved 1048576K
}
Event: 7819.753 GC heap before
{Heap before GC invocations=797 (full 740):
 garbage-first heap   total 130048K, used 38181K [0x00000000c0000000, 0x0000000100000000)
  region size 1024K, 1 young (1024K), 0 survivors (0K)
 Metaspace       used 61517K, committed 62208K, reserved 1114112K
  class space    used 8047K, committed 8320K, reserved 1048576K
}
Event: 7819.794 GC heap after
{Heap after GC invocations=798 (full 741):
 garbage-first heap   total 130048K, used 38181K [0x00000000c0000000, 0x0000000100000000)
  region size 1024K, 0 young (0K), 0 survivors (0K)
 Metaspace       used 61517K, committed 62208K, reserved 1114112K
  class space    used 8047K, committed 8320K, reserved 1048576K
}
Event: 7830.264 GC heap before
{Heap before GC invocations=798 (full 741):
 garbage-first heap   total 130048K, used 38181K [0x00000000c0000000, 0x0000000100000000)
  region size 1024K, 1 young (1024K), 0 survivors (0K)
 Metaspace       used 61517K, committed 62208K, reserved 1114112K
  class space    used 8047K, committed 8320K, reserved 1048576K
}
Event: 7830.298 GC heap after
{Heap after GC invocations=799 (full 742):
 garbage-first heap   total 130048K, used 38181K [0x00000000c0000000, 0x0000000100000000)
  region size 1024K, 0 young (0K), 0 survivors (0K)
 Metaspace       used 61517K, committed 62208K, reserved 1114112K
  class space    used 8047K, committed 8320K, reserved 1048576K
}
Event: 7840.786 GC heap before
{Heap before GC invocations=799 (full 742):
 garbage-first heap   total 130048K, used 38181K [0x00000000c0000000, 0x0000000100000000)
  region size 1024K, 1 young (1024K), 0 survivors (0K)
 Metaspace       used 61517K, committed 62208K, reserved 1114112K
  class space    used 8047K, committed 8320K, reserved 1048576K
}
Event: 7840.829 GC heap after
{Heap after GC invocations=800 (full 743):
 garbage-first heap   total 130048K, used 38181K [0x00000000c0000000, 0x0000000100000000)
  region size 1024K, 0 young (0K), 0 survivors (0K)
 Metaspace       used 61517K, committed 62208K, reserved 1114112K
  class space    used 8047K, committed 8320K, reserved 1048576K
}
Event: 7851.322 GC heap before
{Heap before GC invocations=800 (full 743):
 garbage-first heap   total 130048K, used 38181K [0x00000000c0000000, 0x0000000100000000)
  region size 1024K, 1 young (1024K), 0 survivors (0K)
 Metaspace       used 61517K, committed 62208K, reserved 1114112K
  class space    used 8047K, committed 8320K, reserved 1048576K
}
Event: 7851.359 GC heap after
{Heap after GC invocations=801 (full 744):
 garbage-first heap   total 130048K, used 38181K [0x00000000c0000000, 0x0000000100000000)
  region size 1024K, 0 young (0K), 0 survivors (0K)
 Metaspace       used 61517K, committed 62208K, reserved 1114112K
  class space    used 8047K, committed 8320K, reserved 1048576K
}

