# JRE version: OpenJDK Runtime Environment Temurin-17.0.7+7 (17.0.7+7) (build 17.0.7+7)
# Java VM: OpenJDK 64-Bit Server VM Temurin-17.0.7+7 (17.0.7+7, mixed mode, emulated-client, tiered, compressed oops, compressed class ptrs, g1 gc, windows-amd64)
GC Precious Log:
 CPUs: 8 total, 8 available
 Memory: 7814M
 Large Page Support: Disabled
 NUMA Support: Disabled
 Compressed Oops: Enabled (32-bit)
 Heap Region Size: 1M
 Heap Min Capacity: 8M
 Heap Initial Capacity: 124M
 Heap Max Capacity: 1G
 Pre-touch: Disabled
 Parallel Workers: 8
 Concurrent Workers: 2
 Concurrent Refinement Workers: 8
 Periodic GC: Disabled
Heap:
 garbage-first heap   total 133120K, used 41270K [0x00000000c0000000, 0x0000000100000000)
  region size 1024K, 1 young (1024K), 0 survivors (0K)
 Metaspace       used 62851K, committed 63296K, reserved 1114112K
  class space    used 8261K, committed 8448K, reserved 1048576K
GC Heap History (20 events):
Event: 6719.827 GC heap before
{Heap before GC invocations=547 (full 487):
 garbage-first heap   total 133120K, used 41270K [0x00000000c0000000, 0x0000000100000000)
  region size 1024K, 1 young (1024K), 0 survivors (0K)
 Metaspace       used 62851K, committed 63296K, reserved 1114112K
  class space    used 8261K, committed 8448K, reserved 1048576K
}
Event: 6719.878 GC heap after
{Heap after GC invocations=548 (full 488):
 garbage-first heap   total 133120K, used 41270K [0x00000000c0000000, 0x0000000100000000)
  region size 1024K, 0 young (0K), 0 survivors (0K)
 Metaspace       used 62851K, committed 63296K, reserved 1114112K
  class space    used 8261K, committed 8448K, reserved 1048576K
}
Event: 6730.314 GC heap before
{Heap before GC invocations=548 (full 488):
 garbage-first heap   total 133120K, used 41270K [0x00000000c0000000, 0x0000000100000000)
  region size 1024K, 1 young (1024K), 0 survivors (0K)
 Metaspace       used 62851K, committed 63296K, reserved 1114112K
  class space    used 8261K, committed 8448K, reserved 1048576K
}
Event: 6730.360 GC heap after
{Heap after GC invocations=549 (full 489):
 garbage-first heap   total 133120K, used 41270K [0x00000000c0000000, 0x0000000100000000)
  region size 1024K, 0 young (0K), 0 survivors (0K)
 Metaspace       used 62851K, committed 63296K, reserved 1114112K
  class space    used 8261K, committed 8448K, reserved 1048576K
}
Event: 6740.794 GC heap before
{Heap before GC invocations=549 (full 489):
 garbage-first heap   total 133120K, used 41270K [0x00000000c0000000, 0x0000000100000000)
  region size 1024K, 1 young (1024K), 0 survivors (0K)
 Metaspace       used 62851K, committed 63296K, reserved 1114112K
  class space    used 8261K, committed 8448K, reserved 1048576K
}
Event: 6740.838 GC heap after
{Heap after GC invocations=550 (full 490):
 garbage-first heap   total 133120K, used 41270K [0x00000000c0000000, 0x0000000100000000)
  region size 1024K, 0 young (0K), 0 survivors (0K)
 Metaspace       used 62851K, committed 63296K, reserved 1114112K
  class space    used 8261K, committed 8448K, reserved 1048576K
}
Event: 6751.271 GC heap before
{Heap before GC invocations=550 (full 490):
 garbage-first heap   total 133120K, used 41270K [0x00000000c0000000, 0x0000000100000000)
  region size 1024K, 1 young (1024K), 0 survivors (0K)
 Metaspace       used 62851K, committed 63296K, reserved 1114112K
  class space    used 8261K, committed 8448K, reserved 1048576K
}
Event: 6751.327 GC heap after
{Heap after GC invocations=551 (full 491):
 garbage-first heap   total 133120K, used 41270K [0x00000000c0000000, 0x0000000100000000)
  region size 1024K, 0 young (0K), 0 survivors (0K)
 Metaspace       used 62851K, committed 63296K, reserved 1114112K
  class space    used 8261K, committed 8448K, reserved 1048576K
}
Event: 6761.750 GC heap before
{Heap before GC invocations=551 (full 491):
 garbage-first heap   total 133120K, used 41270K [0x00000000c0000000, 0x0000000100000000)
  region size 1024K, 1 young (1024K), 0 survivors (0K)
 Metaspace       used 62851K, committed 63296K, reserved 1114112K
  class space    used 8261K, committed 8448K, reserved 1048576K
}
Event: 6761.798 GC heap after
{Heap after GC invocations=552 (full 492):
 garbage-first heap   total 133120K, used 41270K [0x00000000c0000000, 0x0000000100000000)
  region size 1024K, 0 young (0K), 0 survivors (0K)
 Metaspace       used 62851K, committed 63296K, reserved 1114112K
  class space    used 8261K, committed 8448K, reserved 1048576K
}
Event: 6772.189 GC heap before
{Heap before GC invocations=552 (full 492):
 garbage-first heap   total 133120K, used 41270K [0x00000000c0000000, 0x0000000100000000)
  region size 1024K, 1 young (1024K), 0 survivors (0K)
 Metaspace       used 62851K, committed 63296K, reserved 1114112K
  class space    used 8261K, committed 8448K, reserved 1048576K
}
Event: 6772.240 GC heap after
{Heap after GC invocations=553 (full 493):
 garbage-first heap   total 133120K, used 41270K [0x00000000c0000000, 0x0000000100000000)
  region size 1024K, 0 young (0K), 0 survivors (0K)
 Metaspace       used 62851K, committed 63296K, reserved 1114112K
  class space    used 8261K, committed 8448K, reserved 1048576K
}
Event: 6782.634 GC heap before
{Heap before GC invocations=553 (full 493):
 garbage-first heap   total 133120K, used 41270K [0x00000000c0000000, 0x0000000100000000)
  region size 1024K, 1 young (1024K), 0 survivors (0K)
 Metaspace       used 62851K, committed 63296K, reserved 1114112K
  class space    used 8261K, committed 8448K, reserved 1048576K
}
Event: 6782.678 GC heap after
{Heap after GC invocations=554 (full 494):
 garbage-first heap   total 133120K, used 41270K [0x00000000c0000000, 0x0000000100000000)
  region size 1024K, 0 young (0K), 0 survivors (0K)
 Metaspace       used 62851K, committed 63296K, reserved 1114112K
  class space    used 8261K, committed 8448K, reserved 1048576K
}
Event: 6793.090 GC heap before
{Heap before GC invocations=554 (full 494):
 garbage-first heap   total 133120K, used 41270K [0x00000000c0000000, 0x0000000100000000)
  region size 1024K, 1 young (1024K), 0 survivors (0K)
 Metaspace       used 62851K, committed 63296K, reserved 1114112K
  class space    used 8261K, committed 8448K, reserved 1048576K
}
Event: 6793.131 GC heap after
{Heap after GC invocations=555 (full 495):
 garbage-first heap   total 133120K, used 41270K [0x00000000c0000000, 0x0000000100000000)
  region size 1024K, 0 young (0K), 0 survivors (0K)
 Metaspace       used 62851K, committed 63296K, reserved 1114112K
  class space    used 8261K, committed 8448K, reserved 1048576K
}
Event: 6803.505 GC heap before
{Heap before GC invocations=555 (full 495):
 garbage-first heap   total 133120K, used 41270K [0x00000000c0000000, 0x0000000100000000)
  region size 1024K, 1 young (1024K), 0 survivors (0K)
 Metaspace       used 62851K, committed 63296K, reserved 1114112K
  class space    used 8261K, committed 8448K, reserved 1048576K
}
Event: 6803.552 GC heap after
{Heap after GC invocations=556 (full 496):
 garbage-first heap   total 133120K, used 41270K [0x00000000c0000000, 0x0000000100000000)
  region size 1024K, 0 young (0K), 0 survivors (0K)
 Metaspace       used 62851K, committed 63296K, reserved 1114112K
  class space    used 8261K, committed 8448K, reserved 1048576K
}
Event: 6814.039 GC heap before
{Heap before GC invocations=556 (full 496):
 garbage-first heap   total 133120K, used 41270K [0x00000000c0000000, 0x0000000100000000)
  region size 1024K, 1 young (1024K), 0 survivors (0K)
 Metaspace       used 62851K, committed 63296K, reserved 1114112K
  class space    used 8261K, committed 8448K, reserved 1048576K
}
Event: 6814.093 GC heap after
{Heap after GC invocations=557 (full 497):
 garbage-first heap   total 133120K, used 41270K [0x00000000c0000000, 0x0000000100000000)
  region size 1024K, 0 young (0K), 0 survivors (0K)
 Metaspace       used 62851K, committed 63296K, reserved 1114112K
  class space    used 8261K, committed 8448K, reserved 1048576K
}

